<?xml version="1.0" encoding="UTF-8"?>
<!-- Generated by org.testng.reporters.JUnitXMLReporter -->
<testsuite ignored="0" hostname="MSI" failures="2" tests="6" name="Test" time="75.895" errors="0" timestamp="2021-12-15T10:02:42 ICT">
  <testcase classname="Flows.LoginFacebook" name="testForLoginPage" time="10.501">
    <failure type="java.lang.AssertionError" message="expected [true] but found [false]">
      <![CDATA[java.lang.AssertionError: expected [true] but found [false]
at Flows.LoginFacebook.testForLoginPage(LoginFacebook.java:30)
at java.base/java.util.ArrayList.forEach(ArrayList.java:1511)
... Removed 31 stack frames]]>
    </failure>
  </testcase> <!-- testForLoginPage -->
  <testcase classname="Flows.LoginFacebook" name="testForLoginPage" time="10.042">
    <failure type="java.lang.AssertionError" message="expected [true] but found [false]">
      <![CDATA[java.lang.AssertionError: expected [true] but found [false]
at Flows.LoginFacebook.testForLoginPage(LoginFacebook.java:30)
at java.base/java.util.ArrayList.forEach(ArrayList.java:1511)
... Removed 31 stack frames]]>
    </failure>
  </testcase> <!-- testForLoginPage -->
  <testcase classname="Flows.LoginFacebook" name="testForLoginPage" time="10.152"/>
  <testcase classname="Flows.LoginFacebook" name="testForLoginPage" time="10.068"/>
  <testcase classname="Flows.LoginFacebook" name="testForLoginPage" time="9.915"/>
  <testcase classname="Flows.LoginFacebook" name="testForLoginPage" time="15.328"/>
</testsuite> <!-- Test -->
