<?xml version="1.0" encoding="UTF-8"?>
<!-- Generated by org.testng.reporters.JUnitXMLReporter -->
<testsuite ignored="0" hostname="MSI" failures="0" tests="1" name="Test" time="1.223" errors="0" timestamp="2022-03-02T00:07:15 ICT">
  <testcase classname="utils.setup" name="@BeforeTest beforeTest" time="-1.646154434001E9">
    <failure type="org.testng.TestNGException" message="
Parameter &amp;apos;type&amp;apos; is required by BeforeTest on method beforeTest but has not been marked @Optional or defined
in D:\IT\eclipse_WS\tester\testcase\test1.xml">
      <![CDATA[org.testng.TestNGException: 
Parameter 'type' is required by BeforeTest on method beforeTest but has not been marked @Optional or defined
in D:\IT\eclipse_WS\tester\testcase\test1.xml
... Removed 21 stack frames]]>
    </failure>
  </testcase> <!-- @BeforeTest beforeTest -->
  <testcase classname="utils.setup" name="@BeforeMethod beforeMethod" time="-1.6461544352E9">
    <skipped/>
  </testcase> <!-- @BeforeMethod beforeMethod -->
  <testcase classname="utils.setup" name="@AfterMethod afterMethod" time="-1.646154435212E9">
    <skipped/>
  </testcase> <!-- @AfterMethod afterMethod -->
  <testcase classname="utils.setup" name="@AfterTest afterTest" time="-1.646154435218E9">
    <skipped/>
  </testcase> <!-- @AfterTest afterTest -->
  <testcase classname="Flows.test1" name="test1s" time="0.0">
    <skipped/>
  </testcase> <!-- test1s -->
</testsuite> <!-- Test -->
